<?xml version="1.0" encoding="UTF-8"?>
<testng-results skipped="0" failed="0" ignored="0" total="1" passed="1">
  <reporter-output>
  </reporter-output>
  <suite name="Default suite" duration-ms="41172" started-at="2017-12-09T10:00:46Z" finished-at="2017-12-09T10:01:27Z">
    <groups>
    </groups>
    <test name="Default test" duration-ms="41172" started-at="2017-12-09T10:00:46Z" finished-at="2017-12-09T10:01:27Z">
      <class name="by.onliner.testcases.NewTestNGTest">
        <test-method status="PASS" signature="beforeTest()[pri:0, instance:by.onliner.testcases.NewTestNGTest@1b604f19]" name="beforeTest" is-config="true" duration-ms="3803" started-at="2017-12-09T13:00:46Z" finished-at="2017-12-09T13:00:49Z">
          <reporter-output>
          </reporter-output>
        </test-method> <!-- beforeTest -->
        <test-method status="PASS" signature="e2eOnlinerCatalogTest()[pri:0, instance:by.onliner.testcases.NewTestNGTest@1b604f19]" name="e2eOnlinerCatalogTest" duration-ms="36778" started-at="2017-12-09T13:00:49Z" finished-at="2017-12-09T13:01:26Z">
          <reporter-output>
          </reporter-output>
        </test-method> <!-- e2eOnlinerCatalogTest -->
        <test-method status="PASS" signature="afterTest()[pri:0, instance:by.onliner.testcases.NewTestNGTest@1b604f19]" name="afterTest" is-config="true" duration-ms="562" started-at="2017-12-09T13:01:26Z" finished-at="2017-12-09T13:01:27Z">
          <reporter-output>
          </reporter-output>
        </test-method> <!-- afterTest -->
      </class> <!-- by.onliner.testcases.NewTestNGTest -->
    </test> <!-- Default test -->
  </suite> <!-- Default suite -->
</testng-results>
